<?xml version="1.0" encoding="UTF-8"?>
<!-- Generated by org.testng.reporters.JUnitXMLReporter -->
<testsuite ignored="0" hostname="Prince" failures="0" tests="3" name="Default test" time="0.062" errors="0" timestamp="2025-05-03T21:12:33 EDT">
  <testcase classname="framework.PersonalLoanTestCase" name="personalLoan" time="0.01"/>
  <testcase classname="framework.PersonalLoanTestCase" name="personalLoan" time="0.001"/>
  <testcase classname="framework.PersonalLoanTestCase" name="personalLoan" time="0.001"/>
</testsuite> <!-- Default test -->
