<?xml version="1.0" encoding="UTF-8"?>
<!-- Generated by org.testng.reporters.JUnitReportReporter -->
<testsuite hostname="Prince" failures="0" tests="2" name="Practice.SeleniumFrameworkDesign.tests.SubmitOrderTest" time="37.413" errors="0" timestamp="2025-06-22T22:03:17 EDT" skipped="0">
  <testcase classname="Practice.SeleniumFrameworkDesign.tests.SubmitOrderTest" name="OrderHistoryTest" time="16.336"/>
  <testcase classname="Practice.SeleniumFrameworkDesign.tests.SubmitOrderTest" name="submitOrder" time="21.077"/>
</testsuite> <!-- Practice.SeleniumFrameworkDesign.tests.SubmitOrderTest -->
