<?xml version="1.0" encoding="UTF-8"?>
<!-- Generated by org.testng.reporters.JUnitReportReporter -->
<testsuite hostname="Prince" failures="0" tests="2" name="Practice.SeleniumFrameworkDesign.tests.SubmitOrderTest" time="40.475" errors="0" timestamp="2025-06-23T13:58:49 EDT" skipped="0">
  <testcase classname="Practice.SeleniumFrameworkDesign.tests.SubmitOrderTest" name="submitOrder" time="19.817"/>
  <testcase classname="Practice.SeleniumFrameworkDesign.tests.SubmitOrderTest" name="submitOrder" time="20.658"/>
</testsuite> <!-- Practice.SeleniumFrameworkDesign.tests.SubmitOrderTest -->
