<?xml version="1.0" encoding="UTF-8"?>
<!-- Generated by org.testng.reporters.JUnitReportReporter -->
<testsuite hostname="Prince" failures="0" tests="1" name="Practice.SeleniumFrameworkDesign.tests.ErrorValidationsTest" time="22.695" errors="0" timestamp="2025-06-23T11:32:01 EDT" skipped="0">
  <testcase classname="Practice.SeleniumFrameworkDesign.tests.ErrorValidationsTest" name="ProductErrorValidation" time="22.695"/>
</testsuite> <!-- Practice.SeleniumFrameworkDesign.tests.ErrorValidationsTest -->
