<?xml version="1.0" encoding="UTF-8"?>
<testng-results ignored="3" total="5" passed="2" failed="0" skipped="0">
  <reporter-output>
  </reporter-output>
  <suite started-at="2025-06-23T13:58:08 EDT" name="Suite" finished-at="2025-06-23T13:58:48 EDT" duration-ms="40625">
    <groups>
      <group name="Purchase">
        <method signature="SubmitOrderTest.submitOrder(java.lang.String,java.lang.String,java.lang.String)[pri:0, instance:Practice.SeleniumFrameworkDesign.tests.SubmitOrderTest@44c03695]" name="submitOrder" class="Practice.SeleniumFrameworkDesign.tests.SubmitOrderTest"/>
      </group> <!-- Purchase -->
    </groups>
    <test started-at="2025-06-23T13:58:08 EDT" name="Submit Order Test" finished-at="2025-06-23T13:58:48 EDT" duration-ms="40545">
      <class name="Practice.SeleniumFrameworkDesign.tests.SubmitOrderTest">
        <test-method is-config="true" signature="launchApplication()[pri:0, instance:Practice.SeleniumFrameworkDesign.tests.SubmitOrderTest@44c03695]" started-at="2025-06-23T13:58:08 EDT" name="launchApplication" finished-at="2025-06-23T13:58:14 EDT" duration-ms="5767" status="PASS">
          <reporter-output>
          </reporter-output>
        </test-method> <!-- launchApplication -->
        <test-method signature="submitOrder(java.lang.String,java.lang.String,java.lang.String)[pri:0, instance:Practice.SeleniumFrameworkDesign.tests.SubmitOrderTest@44c03695]" started-at="2025-06-23T13:58:14 EDT" name="submitOrder" data-provider="getData" finished-at="2025-06-23T13:58:28 EDT" duration-ms="14585" status="PASS">
          <params>
            <param index="0">
              <value>
                <![CDATA[princec@gmail.com]]>
              </value>
            </param>
            <param index="1">
              <value>
                <![CDATA[Prince@123]]>
              </value>
            </param>
            <param index="2">
              <value>
                <![CDATA[ZARA COAT 3]]>
              </value>
            </param>
          </params>
          <reporter-output>
          </reporter-output>
        </test-method> <!-- submitOrder -->
        <test-method is-config="true" signature="tearDown()[pri:0, instance:Practice.SeleniumFrameworkDesign.tests.SubmitOrderTest@44c03695]" started-at="2025-06-23T13:58:28 EDT" name="tearDown" finished-at="2025-06-23T13:58:28 EDT" duration-ms="89" status="PASS">
          <reporter-output>
          </reporter-output>
        </test-method> <!-- tearDown -->
        <test-method is-config="true" signature="launchApplication()[pri:0, instance:Practice.SeleniumFrameworkDesign.tests.SubmitOrderTest@44c03695]" started-at="2025-06-23T13:58:28 EDT" name="launchApplication" finished-at="2025-06-23T13:58:33 EDT" duration-ms="5143" status="PASS">
          <reporter-output>
          </reporter-output>
        </test-method> <!-- launchApplication -->
        <test-method signature="submitOrder(java.lang.String,java.lang.String,java.lang.String)[pri:0, instance:Practice.SeleniumFrameworkDesign.tests.SubmitOrderTest@44c03695]" started-at="2025-06-23T13:58:33 EDT" name="submitOrder" data-provider="getData" finished-at="2025-06-23T13:58:48 EDT" duration-ms="14761" status="PASS">
          <params>
            <param index="0">
              <value>
                <![CDATA[princegeneric@gmail.com]]>
              </value>
            </param>
            <param index="1">
              <value>
                <![CDATA[Princegeneric@123]]>
              </value>
            </param>
            <param index="2">
              <value>
                <![CDATA[ADIDAS ORIGINAL]]>
              </value>
            </param>
          </params>
          <reporter-output>
          </reporter-output>
        </test-method> <!-- submitOrder -->
        <test-method is-config="true" signature="tearDown()[pri:0, instance:Practice.SeleniumFrameworkDesign.tests.SubmitOrderTest@44c03695]" started-at="2025-06-23T13:58:48 EDT" name="tearDown" finished-at="2025-06-23T13:58:48 EDT" duration-ms="130" status="PASS">
          <reporter-output>
          </reporter-output>
        </test-method> <!-- tearDown -->
      </class> <!-- Practice.SeleniumFrameworkDesign.tests.SubmitOrderTest -->
    </test> <!-- Submit Order Test -->
    <test started-at="2025-06-23T13:58:48 EDT" name="Validations Test" finished-at="2025-06-23T13:58:48 EDT" duration-ms="2">
    </test> <!-- Validations Test -->
  </suite> <!-- Suite -->
</testng-results>
