<?xml version="1.0" encoding="UTF-8"?>
<!-- Generated by org.testng.reporters.JUnitXMLReporter -->
<testsuite ignored="1" hostname="Prince" failures="0" tests="2" name="Submit Order Test" time="40.545" errors="0" timestamp="2025-06-23T13:58:48 EDT">
  <testcase classname="Practice.SeleniumFrameworkDesign.tests.SubmitOrderTest" name="submitOrder" time="14.585"/>
  <testcase classname="Practice.SeleniumFrameworkDesign.tests.SubmitOrderTest" name="submitOrder" time="14.761"/>
  <testcase classname="Practice.SeleniumFrameworkDesign.tests.SubmitOrderTest" name="OrderHistoryTest" time="0.0">
    <ignored/>
  </testcase> <!-- OrderHistoryTest -->
</testsuite> <!-- Submit Order Test -->
