<?xml version="1.0" encoding="UTF-8"?>
<!-- Generated by org.testng.reporters.JUnitXMLReporter -->
<testsuite ignored="1" hostname="Prince" failures="0" tests="1" name="Validations Test" time="22.736" errors="0" timestamp="2025-06-23T11:32:00 EDT">
  <testcase classname="Practice.SeleniumFrameworkDesign.tests.ErrorValidationsTest" name="ProductErrorValidation" time="13.888"/>
  <testcase classname="Practice.SeleniumFrameworkDesign.tests.ErrorValidationsTest" name="LoginErrorValidation" time="0.0">
    <ignored/>
  </testcase> <!-- LoginErrorValidation -->
</testsuite> <!-- Validations Test -->
