<?xml version="1.0" encoding="UTF-8"?>
<testng-results ignored="0" total="1" passed="1" failed="0" skipped="0">
  <reporter-output>
  </reporter-output>
  <suite started-at="2025-07-01T12:25:07 EDT" name="Default suite" finished-at="2025-07-01T12:25:14 EDT" duration-ms="7330">
    <groups>
    </groups>
    <test started-at="2025-07-01T12:25:07 EDT" name="Default test" finished-at="2025-07-01T12:25:14 EDT" duration-ms="7330">
      <class name="Practice.ExtentReports.ExtentReportDemo">
        <test-method is-config="true" signature="config()[pri:0, instance:Practice.ExtentReports.ExtentReportDemo@d35dea7]" started-at="2025-07-01T12:25:07 EDT" name="config" finished-at="2025-07-01T12:25:07 EDT" duration-ms="260" status="PASS">
          <reporter-output>
          </reporter-output>
        </test-method> <!-- config -->
        <test-method signature="intialDemo()[pri:0, instance:Practice.ExtentReports.ExtentReportDemo@d35dea7]" started-at="2025-07-01T12:25:07 EDT" name="intialDemo" finished-at="2025-07-01T12:25:14 EDT" duration-ms="7030" status="PASS">
          <reporter-output>
          </reporter-output>
        </test-method> <!-- intialDemo -->
      </class> <!-- Practice.ExtentReports.ExtentReportDemo -->
    </test> <!-- Default test -->
  </suite> <!-- Default suite -->
</testng-results>
