<?xml version="1.0" encoding="UTF-8"?>
<!-- Generated by org.testng.reporters.JUnitXMLReporter -->
<testsuite ignored="8" hostname="Prince" failures="0" tests="2" name="Car Loan" time="0.007" errors="0" timestamp="2025-04-25T20:42:29 EDT">
  <testcase classname="framework.CarLoanTestCases" name="apiCarLoan" time="0.002"/>
  <testcase classname="framework.CarLoanTestCases" name="carLoan" time="0.001"/>
  <testcase classname="framework.CarLoanTestCases" name="appiumCarLoanSignout" time="0.0">
    <ignored/>
  </testcase> <!-- appiumCarLoanSignout -->
  <testcase classname="framework.CarLoanTestCases" name="appiumCarLoan" time="0.0">
    <ignored/>
  </testcase> <!-- appiumCarLoan -->
  <testcase classname="framework.CarLoanTestCases" name="appiumCarLoanLogin" time="0.0">
    <ignored/>
  </testcase> <!-- appiumCarLoanLogin -->
  <testcase classname="framework.CarLoanTestCases" name="appiumCarLoanCheckin" time="0.0">
    <ignored/>
  </testcase> <!-- appiumCarLoanCheckin -->
  <testcase classname="framework.CarLoanTestCases" name="appiumCarLoanNavigate" time="0.0">
    <ignored/>
  </testcase> <!-- appiumCarLoanNavigate -->
  <testcase classname="framework.CarLoanTestCases" name="appiumCarLoanPurchase" time="0.0">
    <ignored/>
  </testcase> <!-- appiumCarLoanPurchase -->
  <testcase classname="framework.CarLoanTestCases" name="appiumCarLoanSignup" time="0.0">
    <ignored/>
  </testcase> <!-- appiumCarLoanSignup -->
  <testcase classname="framework.CarLoanTestCases" name="appiumCarLoanCheckout" time="0.0">
    <ignored/>
  </testcase> <!-- appiumCarLoanCheckout -->
</testsuite> <!-- Car Loan -->
