<?xml version="1.0" encoding="UTF-8"?>
<!-- Generated by org.testng.reporters.JUnitXMLReporter -->
<testsuite ignored="1" hostname="Prince" failures="0" tests="2" name="Personal Loan" time="0.047" errors="0" timestamp="2025-04-25T21:54:43 EDT">
  <testcase classname="framework.TestRunning" name="Demo2" time="0.008"/>
  <testcase classname="framework.PersonalLoanTestCase" name="personalLoan" time="0.002"/>
  <testcase classname="framework.TestRunning" name="Demo" time="0.0">
    <ignored/>
  </testcase> <!-- Demo -->
</testsuite> <!-- Personal Loan -->
