<?xml version="1.0" encoding="UTF-8"?>
<testng-results ignored="0" total="3" passed="3" failed="0" skipped="0">
  <reporter-output>
  </reporter-output>
  <suite started-at="2025-04-28T09:43:07 EDT" name="Default suite" finished-at="2025-04-28T09:43:07 EDT" duration-ms="63">
    <groups>
    </groups>
    <test started-at="2025-04-28T09:43:07 EDT" name="Default test" finished-at="2025-04-28T09:43:07 EDT" duration-ms="63">
      <class name="framework.HomeLoanTestCases">
        <test-method signature="apiHomeLoan()[pri:0, instance:framework.HomeLoanTestCases@35cabb2a]" started-at="2025-04-28T09:43:07 EDT" name="apiHomeLoan" finished-at="2025-04-28T09:43:07 EDT" duration-ms="13" status="PASS">
          <reporter-output>
          </reporter-output>
        </test-method> <!-- apiHomeLoan -->
        <test-method signature="homeLoan()[pri:0, instance:framework.HomeLoanTestCases@35cabb2a]" started-at="2025-04-28T09:43:07 EDT" name="homeLoan" finished-at="2025-04-28T09:43:07 EDT" duration-ms="2" status="PASS">
          <reporter-output>
          </reporter-output>
        </test-method> <!-- homeLoan -->
        <test-method signature="appiumHomeLoan()[pri:0, instance:framework.HomeLoanTestCases@35cabb2a]" started-at="2025-04-28T09:43:07 EDT" name="appiumHomeLoan" finished-at="2025-04-28T09:43:07 EDT" depends-on-methods="framework.HomeLoanTestCases.homeLoan" duration-ms="1" status="PASS">
          <reporter-output>
          </reporter-output>
        </test-method> <!-- appiumHomeLoan -->
      </class> <!-- framework.HomeLoanTestCases -->
    </test> <!-- Default test -->
  </suite> <!-- Default suite -->
</testng-results>
