<?xml version="1.0" encoding="UTF-8"?>
<testng-results ignored="0" total="1" passed="1" failed="0" skipped="0">
  <reporter-output>
  </reporter-output>
  <suite started-at="2025-05-11T21:36:21 EDT" name="Default suite" finished-at="2025-05-11T21:36:21 EDT" duration-ms="70">
    <groups>
    </groups>
    <test started-at="2025-05-11T21:36:21 EDT" name="Default test" finished-at="2025-05-11T21:36:21 EDT" duration-ms="70">
      <class name="framework.NewTestCase">
        <test-method is-config="true" signature="preRequisite()[pri:0, instance:framework.NewTestCase@7cc0cdad]" started-at="2025-05-11T21:36:21 EDT" name="preRequisite" finished-at="2025-05-11T21:36:21 EDT" duration-ms="9" status="PASS">
          <reporter-output>
          </reporter-output>
        </test-method> <!-- preRequisite -->
        <test-method signature="TestRun()[pri:0, instance:framework.NewTestCase@7cc0cdad]" started-at="2025-05-11T21:36:21 EDT" name="TestRun" finished-at="2025-05-11T21:36:21 EDT" duration-ms="26" status="PASS">
          <reporter-output>
          </reporter-output>
        </test-method> <!-- TestRun -->
        <test-method is-config="true" signature="postRequisite()[pri:0, instance:framework.NewTestCase@7cc0cdad]" started-at="2025-05-11T21:36:21 EDT" name="postRequisite" finished-at="2025-05-11T21:36:21 EDT" duration-ms="0" status="PASS">
          <reporter-output>
          </reporter-output>
        </test-method> <!-- postRequisite -->
      </class> <!-- framework.NewTestCase -->
    </test> <!-- Default test -->
  </suite> <!-- Default suite -->
</testng-results>
