<?xml version="1.0" encoding="UTF-8"?>
<testng-results ignored="11" total="13" passed="2" failed="0" skipped="0">
  <reporter-output>
  </reporter-output>
  <suite started-at="2025-04-27T00:14:33 EDT" name="Suite" finished-at="2025-04-27T00:14:33 EDT" duration-ms="94">
    <groups>
      <group name="Smoke">
        <method signature="CarLoanTestCases.apiCarLoan()[pri:0, instance:framework.CarLoanTestCases@128d2484]" name="apiCarLoan" class="framework.CarLoanTestCases"/>
        <method signature="TestRunning.Demo()[pri:0, instance:framework.TestRunning@2a65fe7c]" name="Demo" class="framework.TestRunning"/>
      </group> <!-- Smoke -->
    </groups>
    <test started-at="2025-04-27T00:14:33 EDT" name="Personal Loan" finished-at="2025-04-27T00:14:33 EDT" duration-ms="94">
      <class name="framework.TestRunning">
        <test-method signature="Demo()[pri:0, instance:framework.TestRunning@2a65fe7c]" started-at="2025-04-27T00:14:33 EDT" name="Demo" finished-at="2025-04-27T00:14:33 EDT" duration-ms="20" status="PASS">
          <reporter-output>
          </reporter-output>
        </test-method> <!-- Demo -->
      </class> <!-- framework.TestRunning -->
      <class name="framework.CarLoanTestCases">
        <test-method signature="apiCarLoan()[pri:0, instance:framework.CarLoanTestCases@128d2484]" started-at="2025-04-27T00:14:33 EDT" name="apiCarLoan" finished-at="2025-04-27T00:14:33 EDT" duration-ms="2" status="PASS">
          <reporter-output>
          </reporter-output>
        </test-method> <!-- apiCarLoan -->
      </class> <!-- framework.CarLoanTestCases -->
    </test> <!-- Personal Loan -->
  </suite> <!-- Suite -->
</testng-results>
