<?xml version="1.0" encoding="UTF-8"?>
<testng-results ignored="0" total="4" passed="4" failed="0" skipped="0">
  <reporter-output>
  </reporter-output>
  <suite started-at="2025-05-01T20:16:33 EDT" name="Default suite" finished-at="2025-05-01T20:16:33 EDT" duration-ms="64">
    <groups>
    </groups>
    <test started-at="2025-05-01T20:16:33 EDT" name="Default test" finished-at="2025-05-01T20:16:33 EDT" duration-ms="64">
      <class name="framework.HomeLoanTestCases">
        <test-method signature="apiHomeLoan()[pri:0, instance:framework.HomeLoanTestCases@7e07db1f]" started-at="2025-05-01T20:16:33 EDT" name="apiHomeLoan" finished-at="2025-05-01T20:16:33 EDT" duration-ms="12" status="PASS">
          <reporter-output>
          </reporter-output>
        </test-method> <!-- apiHomeLoan -->
        <test-method signature="homeLoan()[pri:0, instance:framework.HomeLoanTestCases@7e07db1f]" started-at="2025-05-01T20:16:33 EDT" name="homeLoan" finished-at="2025-05-01T20:16:33 EDT" duration-ms="2" status="PASS">
          <reporter-output>
          </reporter-output>
        </test-method> <!-- homeLoan -->
        <test-method signature="apiLoan()[pri:0, instance:framework.HomeLoanTestCases@7e07db1f]" started-at="2025-05-01T20:16:33 EDT" name="apiLoan" finished-at="2025-05-01T20:16:33 EDT" duration-ms="1" status="PASS">
          <reporter-output>
          </reporter-output>
        </test-method> <!-- apiLoan -->
        <test-method signature="appiumHomeLoan()[pri:0, instance:framework.HomeLoanTestCases@7e07db1f]" started-at="2025-05-01T20:16:33 EDT" name="appiumHomeLoan" finished-at="2025-05-01T20:16:33 EDT" depends-on-methods="framework.HomeLoanTestCases.homeLoan" duration-ms="1" status="PASS">
          <reporter-output>
          </reporter-output>
        </test-method> <!-- appiumHomeLoan -->
      </class> <!-- framework.HomeLoanTestCases -->
    </test> <!-- Default test -->
  </suite> <!-- Default suite -->
</testng-results>
