<?xml version="1.0" encoding="UTF-8"?>
<testng-results ignored="0" total="3" passed="3" failed="0" skipped="0">
  <reporter-output>
  </reporter-output>
  <suite started-at="2025-05-03T21:12:33 EDT" name="Default suite" finished-at="2025-05-03T21:12:33 EDT" duration-ms="62">
    <groups>
    </groups>
    <test started-at="2025-05-03T21:12:33 EDT" name="Default test" finished-at="2025-05-03T21:12:33 EDT" duration-ms="62">
      <class name="framework.PersonalLoanTestCase">
        <test-method signature="personalLoan(java.lang.String,java.lang.String)[pri:0, instance:framework.PersonalLoanTestCase@6adbc9d]" started-at="2025-05-03T21:12:33 EDT" name="personalLoan" data-provider="getData" finished-at="2025-05-03T21:12:33 EDT" duration-ms="10" status="PASS">
          <params>
            <param index="0">
              <value>
                <![CDATA[firstname]]>
              </value>
            </param>
            <param index="1">
              <value>
                <![CDATA[password]]>
              </value>
            </param>
          </params>
          <reporter-output>
          </reporter-output>
        </test-method> <!-- personalLoan -->
        <test-method signature="personalLoan(java.lang.String,java.lang.String)[pri:0, instance:framework.PersonalLoanTestCase@6adbc9d]" started-at="2025-05-03T21:12:33 EDT" name="personalLoan" data-provider="getData" finished-at="2025-05-03T21:12:33 EDT" duration-ms="1" status="PASS">
          <params>
            <param index="0">
              <value>
                <![CDATA[invaliddata]]>
              </value>
            </param>
            <param index="1">
              <value>
                <![CDATA[invaliddatapassword]]>
              </value>
            </param>
          </params>
          <reporter-output>
          </reporter-output>
        </test-method> <!-- personalLoan -->
        <test-method signature="personalLoan(java.lang.String,java.lang.String)[pri:0, instance:framework.PersonalLoanTestCase@6adbc9d]" started-at="2025-05-03T21:12:33 EDT" name="personalLoan" data-provider="getData" finished-at="2025-05-03T21:12:33 EDT" duration-ms="1" status="PASS">
          <params>
            <param index="0">
              <value>
                <![CDATA[ ]]>
              </value>
            </param>
            <param index="1">
              <value>
                <![CDATA[ ]]>
              </value>
            </param>
          </params>
          <reporter-output>
          </reporter-output>
        </test-method> <!-- personalLoan -->
      </class> <!-- framework.PersonalLoanTestCase -->
    </test> <!-- Default test -->
  </suite> <!-- Default suite -->
</testng-results>
