<?xml version="1.0" encoding="UTF-8"?>
<testng-results ignored="9" total="15" passed="6" failed="0" skipped="0">
  <reporter-output>
  </reporter-output>
  <suite started-at="2025-05-06T12:07:51 EDT" name="Suite" finished-at="2025-05-06T12:07:51 EDT" duration-ms="191">
    <groups>
      <group name="Smoke">
        <method signature="CarLoanTestCases.apiCarLoan()[pri:0, instance:framework.CarLoanTestCases@24aed80c]" name="apiCarLoan" class="framework.CarLoanTestCases"/>
      </group> <!-- Smoke -->
    </groups>
    <test started-at="2025-05-06T12:07:51 EDT" name="Personal Loan" finished-at="2025-05-06T12:07:51 EDT" duration-ms="70">
      <class name="framework.PersonalLoanTestCase">
        <test-method signature="personalLoan(java.lang.String,java.lang.String)[pri:0, instance:framework.PersonalLoanTestCase@62379589]" started-at="2025-05-06T12:07:51 EDT" name="personalLoan" data-provider="getData" finished-at="2025-05-06T12:07:51 EDT" duration-ms="2" status="PASS">
          <params>
            <param index="0">
              <value>
                <![CDATA[firstname]]>
              </value>
            </param>
            <param index="1">
              <value>
                <![CDATA[password]]>
              </value>
            </param>
          </params>
          <reporter-output>
          </reporter-output>
        </test-method> <!-- personalLoan -->
        <test-method signature="personalLoan(java.lang.String,java.lang.String)[pri:0, instance:framework.PersonalLoanTestCase@62379589]" started-at="2025-05-06T12:07:51 EDT" name="personalLoan" data-provider="getData" finished-at="2025-05-06T12:07:51 EDT" duration-ms="1" status="PASS">
          <params>
            <param index="0">
              <value>
                <![CDATA[invaliddata]]>
              </value>
            </param>
            <param index="1">
              <value>
                <![CDATA[invaliddatapassword]]>
              </value>
            </param>
          </params>
          <reporter-output>
          </reporter-output>
        </test-method> <!-- personalLoan -->
        <test-method signature="personalLoan(java.lang.String,java.lang.String)[pri:0, instance:framework.PersonalLoanTestCase@62379589]" started-at="2025-05-06T12:07:51 EDT" name="personalLoan" data-provider="getData" finished-at="2025-05-06T12:07:51 EDT" duration-ms="2" status="PASS">
          <params>
            <param index="0">
              <value>
                <![CDATA[ ]]>
              </value>
            </param>
            <param index="1">
              <value>
                <![CDATA[ ]]>
              </value>
            </param>
          </params>
          <reporter-output>
          </reporter-output>
        </test-method> <!-- personalLoan -->
      </class> <!-- framework.PersonalLoanTestCase -->
      <class name="framework.TestRunning">
        <test-method is-config="true" signature="preRequisite()[pri:0, instance:framework.TestRunning@411f53a0]" started-at="2025-05-06T12:07:51 EDT" name="preRequisite" finished-at="2025-05-06T12:07:51 EDT" duration-ms="0" status="PASS">
          <reporter-output>
          </reporter-output>
        </test-method> <!-- preRequisite -->
        <test-method signature="Demo2()[pri:0, instance:framework.TestRunning@411f53a0]" started-at="2025-05-06T12:07:51 EDT" name="Demo2" finished-at="2025-05-06T12:07:51 EDT" duration-ms="8" status="PASS">
          <reporter-output>
          </reporter-output>
        </test-method> <!-- Demo2 -->
        <test-method is-config="true" signature="postRequisite()[pri:0, instance:framework.TestRunning@411f53a0]" started-at="2025-05-06T12:07:51 EDT" name="postRequisite" finished-at="2025-05-06T12:07:51 EDT" duration-ms="1" status="PASS">
          <reporter-output>
          </reporter-output>
        </test-method> <!-- postRequisite -->
      </class> <!-- framework.TestRunning -->
    </test> <!-- Personal Loan -->
    <test started-at="2025-05-06T12:07:51 EDT" name="Car Loan" finished-at="2025-05-06T12:07:51 EDT" duration-ms="21">
      <class name="framework.TestRunning">
        <test-method is-config="true" signature="beforeSuite()[pri:0, instance:framework.TestRunning@411f53a0]" started-at="2025-05-06T12:07:51 EDT" name="beforeSuite" finished-at="2025-05-06T12:07:51 EDT" duration-ms="14" status="PASS">
          <reporter-output>
          </reporter-output>
        </test-method> <!-- beforeSuite -->
        <test-method is-config="true" signature="afterSuite()[pri:0, instance:framework.TestRunning@411f53a0]" started-at="2025-05-06T12:07:51 EDT" name="afterSuite" finished-at="2025-05-06T12:07:51 EDT" duration-ms="1" status="PASS">
          <reporter-output>
          </reporter-output>
        </test-method> <!-- afterSuite -->
      </class> <!-- framework.TestRunning -->
      <class name="framework.CarLoanTestCases">
        <test-method is-config="true" signature="beforeClass()[pri:0, instance:framework.CarLoanTestCases@24aed80c]" started-at="2025-05-06T12:07:51 EDT" name="beforeClass" finished-at="2025-05-06T12:07:51 EDT" duration-ms="1" status="PASS">
          <reporter-output>
          </reporter-output>
        </test-method> <!-- beforeClass -->
        <test-method signature="apiCarLoan()[pri:0, instance:framework.CarLoanTestCases@24aed80c]" started-at="2025-05-06T12:07:51 EDT" name="apiCarLoan" finished-at="2025-05-06T12:07:51 EDT" duration-ms="1" status="PASS">
          <reporter-output>
          </reporter-output>
        </test-method> <!-- apiCarLoan -->
        <test-method signature="carLoan(java.lang.String,java.lang.String)[pri:0, instance:framework.CarLoanTestCases@24aed80c]" started-at="2025-05-06T12:07:51 EDT" name="carLoan" finished-at="2025-05-06T12:07:51 EDT" duration-ms="1" status="PASS">
          <params>
            <param index="0">
              <value>
                <![CDATA[CarLoan.com]]>
              </value>
            </param>
            <param index="1">
              <value>
                <![CDATA[1234567890]]>
              </value>
            </param>
          </params>
          <reporter-output>
          </reporter-output>
        </test-method> <!-- carLoan -->
        <test-method is-config="true" signature="afterClassCarLoan()[pri:0, instance:framework.CarLoanTestCases@24aed80c]" started-at="2025-05-06T12:07:51 EDT" name="afterClassCarLoan" finished-at="2025-05-06T12:07:51 EDT" duration-ms="1" status="PASS">
          <reporter-output>
          </reporter-output>
        </test-method> <!-- afterClassCarLoan -->
      </class> <!-- framework.CarLoanTestCases -->
    </test> <!-- Car Loan -->
  </suite> <!-- Suite -->
</testng-results>
